TN:
SF:src/animations/CardFlip.js
FN:2,(anonymous_0)
FN:6,(anonymous_1)
FN:7,(anonymous_2)
FN:13,(anonymous_3)
FN:36,(anonymous_4)
FN:63,(anonymous_5)
FN:70,(anonymous_6)
FN:75,(anonymous_7)
FNF:8
FNH:4
FNDA:9,(anonymous_0)
FNDA:0,(anonymous_1)
FNDA:0,(anonymous_2)
FNDA:5,(anonymous_3)
FNDA:0,(anonymous_4)
FNDA:0,(anonymous_5)
FNDA:2,(anonymous_6)
FNDA:1,(anonymous_7)
DA:3,9
DA:10,9
DA:14,5
DA:15,4
DA:17,4
DA:18,4
DA:20,4
DA:21,1
DA:22,1
DA:23,1
DA:26,3
DA:29,3
DA:32,3
DA:33,3
DA:36,3
DA:37,0
DA:38,0
DA:41,0
DA:42,0
DA:45,0
DA:47,0
DA:48,0
DA:51,0
DA:52,0
DA:53,0
DA:54,0
DA:55,0
DA:59,3
DA:64,0
DA:71,2
DA:76,1
LF:31
LH:18
BRDA:2,0,0,1
BRDA:14,1,0,1
BRDA:14,1,1,4
BRDA:20,2,0,1
BRDA:20,2,1,3
BRDA:32,3,0,0
BRDA:32,3,1,3
BRDA:33,4,0,3
BRDA:33,4,1,0
BRDA:42,5,0,0
BRDA:42,5,1,0
BRDA:42,6,0,0
BRDA:42,6,1,0
BRDA:47,7,0,0
BRDA:47,7,1,0
BRDA:64,8,0,0
BRDA:64,8,1,0
BRF:17
BRH:7
end_of_record
TN:
SF:src/animations/ShuffleAnimation.js
FN:2,(anonymous_0)
FN:6,(anonymous_1)
FN:7,(anonymous_2)
FN:13,(anonymous_3)
FN:36,(anonymous_4)
FN:43,(anonymous_5)
FN:51,(anonymous_6)
FN:65,(anonymous_7)
FN:78,(anonymous_8)
FN:85,(anonymous_9)
FN:90,(anonymous_10)
FNF:11
FNH:5
FNDA:10,(anonymous_0)
FNDA:0,(anonymous_1)
FNDA:0,(anonymous_2)
FNDA:6,(anonymous_3)
FNDA:12,(anonymous_4)
FNDA:0,(anonymous_5)
FNDA:0,(anonymous_6)
FNDA:0,(anonymous_7)
FNDA:0,(anonymous_8)
FNDA:2,(anonymous_9)
FNDA:1,(anonymous_10)
DA:3,10
DA:10,10
DA:14,6
DA:15,5
DA:17,5
DA:18,5
DA:20,5
DA:21,1
DA:22,1
DA:23,1
DA:26,4
DA:29,4
DA:32,4
DA:33,4
DA:36,4
DA:37,12
DA:38,12
DA:39,12
DA:43,4
DA:44,0
DA:45,0
DA:48,0
DA:51,0
DA:52,0
DA:53,0
DA:54,0
DA:55,0
DA:56,0
DA:60,0
DA:61,0
DA:64,0
DA:65,0
DA:66,0
DA:67,0
DA:69,0
DA:70,0
DA:74,4
DA:79,0
DA:86,2
DA:91,1
LF:40
LH:22
BRDA:2,0,0,1
BRDA:14,1,0,1
BRDA:14,1,1,5
BRDA:20,2,0,1
BRDA:20,2,1,4
BRDA:53,3,0,0
BRDA:53,3,1,0
BRDA:60,4,0,0
BRDA:60,4,1,0
BRDA:79,5,0,0
BRDA:79,5,1,0
BRF:11
BRH:5
end_of_record
TN:
SF:src/components/AnotherButton.js
FN:2,(anonymous_0)
FN:4,(anonymous_1)
FN:11,(anonymous_2)
FN:16,(anonymous_3)
FN:38,(anonymous_4)
FN:43,(anonymous_5)
FN:48,(anonymous_6)
FN:55,(anonymous_7)
FN:64,(anonymous_8)
FNF:9
FNH:3
FNDA:13,(anonymous_0)
FNDA:0,(anonymous_1)
FNDA:13,(anonymous_2)
FNDA:13,(anonymous_3)
FNDA:0,(anonymous_4)
FNDA:0,(anonymous_5)
FNDA:0,(anonymous_6)
FNDA:0,(anonymous_7)
FNDA:0,(anonymous_8)
DA:3,13
DA:8,13
DA:12,13
DA:13,0
DA:17,13
DA:18,13
DA:19,13
DA:20,13
DA:21,13
DA:23,13
DA:24,2
DA:28,13
DA:29,13
DA:30,0
DA:32,13
DA:35,0
DA:39,0
DA:40,0
DA:44,0
DA:45,0
DA:49,0
DA:50,0
DA:51,0
DA:56,0
DA:57,0
DA:58,0
DA:60,0
DA:65,0
DA:66,0
LF:29
LH:13
BRDA:2,0,0,9
BRDA:23,1,0,2
BRDA:23,1,1,11
BRDA:29,2,0,0
BRDA:29,2,1,13
BRDA:44,3,0,0
BRDA:44,3,1,0
BRDA:49,4,0,0
BRDA:49,4,1,0
BRDA:49,5,0,0
BRDA:49,5,1,0
BRDA:57,6,0,0
BRDA:57,6,1,0
BRDA:65,7,0,0
BRDA:65,7,1,0
BRF:15
BRH:4
end_of_record
TN:
SF:src/components/Card.js
FN:2,(anonymous_0)
FN:14,(anonymous_1)
FN:19,(anonymous_2)
FN:35,(anonymous_3)
FN:65,(anonymous_4)
FN:67,(anonymous_5)
FN:71,(anonymous_6)
FN:76,(anonymous_7)
FN:81,(anonymous_8)
FN:85,(anonymous_9)
FNF:10
FNH:4
FNDA:10,(anonymous_0)
FNDA:10,(anonymous_1)
FNDA:10,(anonymous_2)
FNDA:3,(anonymous_3)
FNDA:0,(anonymous_4)
FNDA:0,(anonymous_5)
FNDA:0,(anonymous_6)
FNDA:0,(anonymous_7)
FNDA:0,(anonymous_8)
FNDA:0,(anonymous_9)
DA:3,10
DA:10,10
DA:11,10
DA:15,10
DA:16,0
DA:20,10
DA:21,10
DA:22,10
DA:23,10
DA:25,10
DA:35,3
DA:55,10
DA:56,10
DA:57,0
DA:59,10
DA:62,0
DA:66,0
DA:67,0
DA:72,0
DA:73,0
DA:77,0
DA:78,0
DA:82,0
DA:86,0
DA:87,0
LF:25
LH:13
BRDA:2,0,0,8
BRDA:4,1,0,10
BRDA:4,1,1,8
BRDA:5,2,0,10
BRDA:5,2,1,8
BRDA:6,3,0,10
BRDA:6,3,1,8
BRDA:7,4,0,10
BRDA:7,4,1,9
BRDA:8,5,0,10
BRDA:8,5,1,9
BRDA:26,6,0,0
BRDA:26,6,1,10
BRDA:39,7,0,1
BRDA:39,7,1,9
BRDA:44,8,0,1
BRDA:44,8,1,9
BRDA:56,9,0,0
BRDA:56,9,1,10
BRDA:66,10,0,0
BRDA:66,10,1,0
BRDA:86,11,0,0
BRDA:86,11,1,0
BRF:23
BRH:17
end_of_record
TN:
SF:src/components/CardStack.js
FN:4,(anonymous_0)
FN:15,(anonymous_1)
FN:20,(anonymous_2)
FN:47,(anonymous_3)
FN:52,(anonymous_4)
FN:57,(anonymous_5)
FN:65,(anonymous_6)
FN:68,(anonymous_7)
FN:77,(anonymous_8)
FN:85,(anonymous_9)
FN:90,(anonymous_10)
FN:101,(anonymous_11)
FN:105,(anonymous_12)
FN:106,(anonymous_13)
FNF:14
FNH:3
FNDA:9,(anonymous_0)
FNDA:9,(anonymous_1)
FNDA:9,(anonymous_2)
FNDA:0,(anonymous_3)
FNDA:0,(anonymous_4)
FNDA:0,(anonymous_5)
FNDA:0,(anonymous_6)
FNDA:0,(anonymous_7)
FNDA:0,(anonymous_8)
FNDA:0,(anonymous_9)
FNDA:0,(anonymous_10)
FNDA:0,(anonymous_11)
FNDA:0,(anonymous_12)
FNDA:0,(anonymous_13)
DA:5,9
DA:6,9
DA:11,9
DA:12,9
DA:16,9
DA:17,0
DA:21,9
DA:22,9
DA:23,9
DA:24,9
DA:27,9
DA:28,26
DA:29,26
DA:30,26
DA:31,26
DA:32,26
DA:36,9
DA:37,9
DA:38,0
DA:40,9
DA:43,0
DA:44,0
DA:48,0
DA:49,0
DA:52,0
DA:53,0
DA:57,0
DA:58,0
DA:59,0
DA:60,0
DA:61,0
DA:66,0
DA:68,0
DA:69,0
DA:70,0
DA:71,0
DA:79,0
DA:80,0
DA:81,0
DA:86,0
DA:87,0
DA:91,0
DA:92,0
DA:93,0
DA:94,0
DA:96,0
DA:97,0
DA:102,0
DA:106,0
DA:107,0
DA:108,0
LF:51
LH:18
BRDA:4,0,0,0
BRDA:4,1,0,7
BRDA:37,2,0,0
BRDA:37,2,1,9
BRDA:66,3,0,0
BRDA:66,3,1,0
BRDA:70,4,0,0
BRDA:70,4,1,0
BRDA:70,5,0,0
BRDA:70,5,1,0
BRDA:80,6,0,0
BRDA:80,6,1,0
BRDA:91,7,0,0
BRDA:91,7,1,0
BRDA:93,8,0,0
BRDA:93,8,1,0
BRDA:107,9,0,0
BRDA:107,9,1,0
BRF:18
BRH:2
end_of_record
TN:
SF:src/components/Navigation.js
FN:2,(anonymous_0)
FN:7,(anonymous_1)
FN:12,(anonymous_2)
FN:48,(anonymous_3)
FN:50,(anonymous_4)
FN:60,(anonymous_5)
FN:66,(anonymous_6)
FN:72,(anonymous_7)
FNF:8
FNH:0
FNDA:0,(anonymous_0)
FNDA:0,(anonymous_1)
FNDA:0,(anonymous_2)
FNDA:0,(anonymous_3)
FNDA:0,(anonymous_4)
FNDA:0,(anonymous_5)
FNDA:0,(anonymous_6)
FNDA:0,(anonymous_7)
DA:3,0
DA:4,0
DA:8,0
DA:9,0
DA:13,0
DA:14,0
DA:15,0
DA:17,0
DA:40,0
DA:41,0
DA:42,0
DA:44,0
DA:50,0
DA:51,0
DA:52,0
DA:53,0
DA:54,0
DA:55,0
DA:60,0
DA:61,0
DA:62,0
DA:67,0
DA:68,0
DA:69,0
DA:73,0
LF:25
LH:0
BRDA:3,0,0,0
BRDA:3,0,1,0
BRDA:25,1,0,0
BRDA:25,1,1,0
BRDA:25,2,0,0
BRDA:25,2,1,0
BRDA:30,3,0,0
BRDA:30,3,1,0
BRDA:30,4,0,0
BRDA:30,4,1,0
BRDA:41,5,0,0
BRDA:41,5,1,0
BRDA:52,6,0,0
BRDA:52,6,1,0
BRDA:61,7,0,0
BRDA:61,7,1,0
BRF:16
BRH:0
end_of_record
TN:
SF:src/models/Card.js
FN:14,(anonymous_0)
FN:26,(anonymous_1)
FN:39,(anonymous_2)
FN:47,(anonymous_3)
FN:51,(anonymous_4)
FN:60,(anonymous_5)
FN:74,(anonymous_6)
FN:82,(anonymous_7)
FN:96,(anonymous_8)
FN:111,(anonymous_9)
FNF:10
FNH:10
FNDA:21,(anonymous_0)
FNDA:6,(anonymous_1)
FNDA:6,(anonymous_2)
FNDA:5,(anonymous_3)
FNDA:4,(anonymous_4)
FNDA:4,(anonymous_5)
FNDA:2,(anonymous_6)
FNDA:2,(anonymous_7)
FNDA:11,(anonymous_8)
FNDA:6,(anonymous_9)
DA:15,21
DA:16,21
DA:17,21
DA:18,21
DA:19,21
DA:27,6
DA:40,6
DA:48,5
DA:51,4
DA:61,4
DA:62,4
DA:63,4
DA:75,2
DA:83,2
DA:84,2
DA:85,2
DA:86,1
DA:88,1
DA:97,11
DA:112,6
LF:20
LH:20
BRDA:14,0,0,7
BRDA:14,1,0,7
BRDA:28,2,0,6
BRDA:28,2,1,5
BRDA:28,2,2,2
BRDA:28,2,3,2
BRDA:40,3,0,6
BRDA:40,3,1,6
BRDA:49,4,0,5
BRDA:49,4,1,5
BRDA:49,4,2,4
BRDA:61,5,0,0
BRDA:61,5,1,4
BRDA:64,6,0,4
BRDA:64,6,1,4
BRDA:64,6,2,3
BRDA:83,7,0,0
BRDA:83,7,1,2
BRF:18
BRH:16
end_of_record
TN:
SF:src/router/Router.js
FN:2,(anonymous_0)
FN:9,(anonymous_1)
FN:14,(anonymous_2)
FN:17,(anonymous_3)
FN:21,(anonymous_4)
FN:30,(anonymous_5)
FN:46,(anonymous_6)
FN:50,(anonymous_7)
FNF:8
FNH:0
FNDA:0,(anonymous_0)
FNDA:0,(anonymous_1)
FNDA:0,(anonymous_2)
FNDA:0,(anonymous_3)
FNDA:0,(anonymous_4)
FNDA:0,(anonymous_5)
FNDA:0,(anonymous_6)
FNDA:0,(anonymous_7)
DA:3,0
DA:4,0
DA:5,0
DA:6,0
DA:11,0
DA:14,0
DA:18,0
DA:22,0
DA:23,0
DA:25,0
DA:26,0
DA:32,0
DA:33,0
DA:37,0
DA:38,0
DA:41,0
DA:42,0
DA:47,0
DA:51,0
LF:19
LH:0
BRDA:2,0,0,0
BRDA:22,1,0,0
BRDA:22,1,1,0
BRDA:23,2,0,0
BRDA:23,2,1,0
BRDA:25,3,0,0
BRDA:25,3,1,0
BRDA:32,4,0,0
BRDA:32,4,1,0
BRDA:32,5,0,0
BRDA:32,5,1,0
BRDA:38,6,0,0
BRDA:38,6,1,0
BRDA:41,7,0,0
BRDA:41,7,1,0
BRF:15
BRH:0
end_of_record
TN:
SF:src/services/KeyboardService.js
FN:2,(anonymous_0)
FN:4,(anonymous_1)
FN:5,(anonymous_2)
FN:12,(anonymous_3)
FN:16,(anonymous_4)
FN:35,(anonymous_5)
FN:39,(anonymous_6)
FN:43,(anonymous_7)
FNF:8
FNH:6
FNDA:9,(anonymous_0)
FNDA:0,(anonymous_1)
FNDA:0,(anonymous_2)
FNDA:8,(anonymous_3)
FNDA:6,(anonymous_4)
FNDA:1,(anonymous_5)
FNDA:2,(anonymous_6)
FNDA:9,(anonymous_7)
DA:3,9
DA:8,9
DA:9,9
DA:13,8
DA:17,6
DA:20,5
DA:21,5
DA:23,5
DA:25,4
DA:26,4
DA:27,4
DA:29,1
DA:30,1
DA:31,1
DA:36,1
DA:40,2
DA:44,9
LF:17
LH:17
BRDA:2,0,0,1
BRDA:17,1,0,1
BRDA:17,1,1,5
BRDA:20,2,0,5
BRDA:20,2,1,5
BRDA:21,3,0,0
BRDA:21,3,1,5
BRDA:23,4,0,4
BRDA:23,4,1,1
BRF:9
BRH:8
end_of_record
TN:
SF:src/services/StorageService.js
FN:10,(anonymous_0)
FN:18,(anonymous_1)
FN:28,(anonymous_2)
FN:40,(anonymous_3)
FN:44,(anonymous_4)
FN:59,(anonymous_5)
FN:76,(anonymous_6)
FN:79,(anonymous_7)
FN:95,(anonymous_8)
FN:98,(anonymous_9)
FN:110,(anonymous_10)
FN:126,(anonymous_11)
FNF:12
FNH:12
FNDA:8,(anonymous_0)
FNDA:5,(anonymous_1)
FNDA:5,(anonymous_2)
FNDA:4,(anonymous_3)
FNDA:5,(anonymous_4)
FNDA:1,(anonymous_5)
FNDA:1,(anonymous_6)
FNDA:1,(anonymous_7)
FNDA:1,(anonymous_8)
FNDA:2,(anonymous_9)
FNDA:1,(anonymous_10)
FNDA:1,(anonymous_11)
DA:3,1
DA:4,1
DA:11,8
DA:19,5
DA:20,5
DA:21,5
DA:23,3
DA:24,3
DA:25,0
DA:28,5
DA:30,0
DA:31,0
DA:41,4
DA:42,4
DA:44,5
DA:46,4
DA:47,4
DA:49,0
DA:50,0
DA:60,1
DA:61,1
DA:62,1
DA:63,1
DA:65,0
DA:66,0
DA:77,1
DA:78,1
DA:79,1
DA:80,1
DA:82,1
DA:83,1
DA:85,0
DA:86,0
DA:96,1
DA:97,1
DA:98,2
DA:99,1
DA:101,0
DA:102,0
DA:111,1
DA:112,1
DA:113,1
DA:114,1
DA:115,1
DA:117,0
DA:118,0
DA:127,1
DA:128,1
DA:129,1
DA:131,0
DA:132,0
LF:51
LH:36
BRDA:21,0,0,2
BRDA:21,0,1,3
BRDA:24,1,0,0
BRDA:24,1,1,3
BRDA:80,2,0,0
BRDA:80,2,1,1
BRF:6
BRH:4
end_of_record
